1641967035189	geckodriver	INFO	Listening on 127.0.0.1:59082
1641967038268	mozrunner::runner	INFO	Running command: "C:\\Program Files\\Mozilla Firefox\\firefox.exe" "--marionette" "-foreground" "-no-remote" "-profile" "C:\\Users\\user\\AppData\\Local\\Temp\\rust_mozprofileKMw3xb"
1641967039233	Marionette	INFO	Marionette enabled
console.warn: SearchSettings: "get: No settings file exists, new profile?" (new NotFoundError("Could not open the file at C:\\Users\\user\\AppData\\Local\\Temp\\rust_mozprofileKMw3xb\\search.json.mozlz4", (void 0)))
1641967041278	Marionette	INFO	Listening on port 59098
1641967041525	RemoteAgent	WARN	TLS certificate errors will be ignored for this session
1641967042259	Marionette	WARN	TimedPromise timed out after 500 ms: stacktrace:
TimedPromise/<@chrome://remote/content/marionette/sync.js:238:19
TimedPromise@chrome://remote/content/marionette/sync.js:223:10
interaction.flushEventLoop@chrome://remote/content/marionette/interaction.js:431:10
webdriverClickElement@chrome://remote/content/marionette/interaction.js:179:31
1641967047902	Marionette	INFO	Stopped listening on port 59098
console.error: services.settings: 
  main/cfr Signature failed  TypeError: NetworkError: Network request failed

###!!! [Parent][RunMessage] Error: Channel closing: too late to send/recv, messages will be lost

1641967187395	geckodriver	INFO	Listening on 127.0.0.1:59449
1641967190474	mozrunner::runner	INFO	Running command: "C:\\Program Files\\Mozilla Firefox\\firefox.exe" "--marionette" "-foreground" "-no-remote" "-profile" "C:\\Users\\user\\AppData\\Local\\Temp\\rust_mozprofileyYwhyH"
1641967190868	Marionette	INFO	Marionette enabled
console.warn: SearchSettings: "get: No settings file exists, new profile?" (new NotFoundError("Could not open the file at C:\\Users\\user\\AppData\\Local\\Temp\\rust_mozprofileyYwhyH\\search.json.mozlz4", (void 0)))
1641967193035	Marionette	INFO	Listening on port 59464
1641967193146	RemoteAgent	WARN	TLS certificate errors will be ignored for this session
1641967193836	Marionette	WARN	TimedPromise timed out after 500 ms: stacktrace:
TimedPromise/<@chrome://remote/content/marionette/sync.js:238:19
TimedPromise@chrome://remote/content/marionette/sync.js:223:10
interaction.flushEventLoop@chrome://remote/content/marionette/interaction.js:431:10
webdriverClickElement@chrome://remote/content/marionette/interaction.js:179:31
1641967199422	Marionette	INFO	Stopped listening on port 59464

###!!! [Parent][RunMessage] Error: Channel closing: too late to send/recv, messages will be lost

